 
****************************************
Report : area
Design : top
Version: M-2016.12-SP4
Date   : Fri Dec 17 15:42:16 2021
****************************************

Library(s) Used:

    No libraries used.

Number of ports:                            4
Number of nets:                             1
Number of cells:                            0
Number of combinational cells:              0
Number of sequential cells:                 0
Number of macros/black boxes:               0
Number of buf/inv:                          0
Number of references:                       0

Combinational area:                  0.000000
Buf/Inv area:                        0.000000
Noncombinational area:               0.000000
Macro/Black Box area:                0.000000
Net Interconnect area:      undefined  (No wire load specified)

Total cell area:                     0.000000
Total area:                 undefined
1
