 
****************************************
Report : area
Design : top
Version: M-2016.12-SP4
Date   : Fri Dec 17 15:51:30 2021
****************************************

Library(s) Used:

    PPDK_Standard_Library_1.0V_25C_TYP_X1 (File: /home/balkon00/PrintedTrees/EGFET_PDK/lib_files/PPDK_Standard_Library_1.0V_25C_TYP_X1.db)

Number of ports:                            8
Number of nets:                            16
Number of cells:                           10
Number of combinational cells:             10
Number of sequential cells:                 0
Number of macros/black boxes:               0
Number of buf/inv:                          4
Number of references:                       4

Combinational area:            2868150.000000
Buf/Inv area:                   913680.000000
Noncombinational area:               0.000000
Macro/Black Box area:                0.000000
Net Interconnect area:      undefined  (No wire load specified)

Total cell area:               2868150.000000
Total area:                 undefined
1
