 
****************************************
Report : area
Design : top
Version: M-2016.12-SP4
Date   : Fri Dec 17 15:55:10 2021
****************************************

Library(s) Used:

    PPDK_Standard_Library_1.0V_25C_TYP_X1 (File: /home/balkon00/PrintedTrees/EGFET_PDK/lib_files/PPDK_Standard_Library_1.0V_25C_TYP_X1.db)

Number of ports:                            9
Number of nets:                            19
Number of cells:                           11
Number of combinational cells:             11
Number of sequential cells:                 0
Number of macros/black boxes:               0
Number of buf/inv:                          2
Number of references:                       3

Combinational area:            3142500.000000
Buf/Inv area:                   456840.000000
Noncombinational area:               0.000000
Macro/Black Box area:                0.000000
Net Interconnect area:      undefined  (No wire load specified)

Total cell area:               3142500.000000
Total area:                 undefined
1
