 
****************************************
Report : area
Design : top
Version: M-2016.12-SP4
Date   : Fri Dec 17 16:06:10 2021
****************************************

Library(s) Used:

    PPDK_Standard_Library_1.0V_25C_TYP_X1 (File: /home/balkon00/PrintedTrees/EGFET_PDK/lib_files/PPDK_Standard_Library_1.0V_25C_TYP_X1.db)

Number of ports:                            9
Number of nets:                            16
Number of cells:                            8
Number of combinational cells:              8
Number of sequential cells:                 0
Number of macros/black boxes:               0
Number of buf/inv:                          1
Number of references:                       3

Combinational area:            2266720.000000
Buf/Inv area:                   228420.000000
Noncombinational area:               0.000000
Macro/Black Box area:                0.000000
Net Interconnect area:      undefined  (No wire load specified)

Total cell area:               2266720.000000
Total area:                 undefined

Hierarchical area distribution
------------------------------

                                  Global cell area               Local cell area
                                  ---------------------  ------------------------------- 
Hierarchical cell                 Absolute      Percent  Combi-        Noncombi-  Black-
                                  Total         Total    national      national   boxes   Design
--------------------------------  ------------  -------  ------------  ---------  ------  ---------
top                               2266720.0000    100.0  2266720.0000     0.0000  0.0000  top
--------------------------------  ------------  -------  ------------  ---------  ------  ---------
Total                                                    2266720.0000     0.0000  0.0000

1
